<?xml version="1.0" encoding="UTF-8"?>
<!-- Generated by org.testng.reporters.JUnitReportReporter -->
<testsuite hostname="DESKTOP-H2T0JTB" failures="0" tests="1" name="com.fintech.mock.WireMockTest2" time="1.667" errors="0" timestamp="2025-02-28T00:34:02 IST" skipped="0">
  <testcase classname="com.fintech.mock.WireMockTest2" name="testWireMockStub" time="1.667"/>
  <system-out/>
</testsuite> <!-- com.fintech.mock.WireMockTest2 -->
