<?xml version="1.0" encoding="UTF-8"?>
<!-- Generated by org.testng.reporters.JUnitReportReporter -->
<testsuite hostname="DESKTOP-H2T0JTB" failures="0" tests="1" name="com.fintech.mock.CreateMapping" time="1.219" errors="0" timestamp="2025-02-27T19:52:05 IST" skipped="0">
  <testcase classname="com.fintech.mock.CreateMapping" name="verifyStub" time="1.219"/>
  <system-out/>
</testsuite> <!-- com.fintech.mock.CreateMapping -->
