<?xml version="1.0" encoding="UTF-8"?>
<!-- Generated by org.testng.reporters.JUnitReportReporter -->
<testsuite hostname="DESKTOP-H2T0JTB" failures="0" tests="1" name="com.fintech.mock.WireMockTestNG" time="1.815" errors="0" timestamp="2025-02-27T20:41:36 IST" skipped="0">
  <testcase classname="com.fintech.mock.WireMockTestNG" name="testWireMockStub" time="1.815"/>
  <system-out/>
</testsuite> <!-- com.fintech.mock.WireMockTestNG -->
