<?xml version="1.0" encoding="UTF-8"?>
<!-- Generated by org.testng.reporters.JUnitReportReporter -->
<testsuite hostname="DESKTOP-H2T0JTB" failures="0" tests="1" name="com.fintech.mock.GetMapping" time="1.284" errors="0" timestamp="2025-02-27T20:21:13 IST" skipped="0">
  <testcase classname="com.fintech.mock.GetMapping" name="test" time="1.284"/>
  <system-out/>
</testsuite> <!-- com.fintech.mock.GetMapping -->
