<?xml version="1.0" encoding="UTF-8"?>
<!-- Generated by org.testng.reporters.JUnitReportReporter -->
<testsuite hostname="DESKTOP-H2T0JTB" failures="0" tests="7" name="com.fintech.tests.KycVerificationTest" time="0.279" errors="1" timestamp="2025-02-27T02:21:22 IST" skipped="6">
  <testcase classname="com.fintech.tests.KycVerificationTest" name="testEndToEndKycCheck" time="0.000">
    <skipped/>
  </testcase> <!-- testEndToEndKycCheck -->
  <system-out/>
  <testcase classname="com.fintech.tests.KycVerificationTest" name="setUp" time="0.279">
    <error message="&#039;boolean io.restassured.common.mapper.resolver.ObjectMapperResolver.isJakartaEEInClassPath()&#039;" type="java.lang.NoSuchMethodError">
      <![CDATA[java.lang.NoSuchMethodError: 'boolean io.restassured.common.mapper.resolver.ObjectMapperResolver.isJakartaEEInClassPath()'
at io.restassured.config.ObjectMapperConfig.newJakartaEEObjectMapperFactoryOrNullIfNotInClasspath(ObjectMapperConfig.java:265)
at io.restassured.config.ObjectMapperConfig.<init>(ObjectMapperConfig.java:60)
at io.restassured.config.RestAssuredConfig.<init>(RestAssuredConfig.java:41)
at io.restassured.RestAssured.<clinit>(RestAssured.java:422)
at com.fintech.tests.KycVerificationTest.setUp(KycVerificationTest.java:20)
at java.base/jdk.internal.reflect.NativeMethodAccessorImpl.invoke0(Native Method)
at java.base/jdk.internal.reflect.NativeMethodAccessorImpl.invoke(NativeMethodAccessorImpl.java:78)
at java.base/jdk.internal.reflect.DelegatingMethodAccessorImpl.invoke(DelegatingMethodAccessorImpl.java:43)
at java.base/java.lang.reflect.Method.invoke(Method.java:567)
at org.testng.internal.MethodInvocationHelper.invokeMethod(MethodInvocationHelper.java:133)
at org.testng.internal.MethodInvocationHelper.invokeMethodConsideringTimeout(MethodInvocationHelper.java:62)
at org.testng.internal.ConfigInvoker.invokeConfigurationMethod(ConfigInvoker.java:385)
at org.testng.internal.ConfigInvoker.invokeConfigurations(ConfigInvoker.java:321)
at org.testng.internal.TestInvoker.runConfigMethods(TestInvoker.java:700)
at org.testng.internal.TestInvoker.invokeMethod(TestInvoker.java:527)
at org.testng.internal.TestInvoker.invokeTestMethod(TestInvoker.java:173)
at org.testng.internal.MethodRunner.runInSequence(MethodRunner.java:46)
at org.testng.internal.TestInvoker$MethodInvocationAgent.invoke(TestInvoker.java:824)
at org.testng.internal.TestInvoker.invokeTestMethods(TestInvoker.java:146)
at org.testng.internal.TestMethodWorker.invokeTestMethods(TestMethodWorker.java:146)
at org.testng.internal.TestMethodWorker.run(TestMethodWorker.java:128)
at java.base/java.util.ArrayList.forEach(ArrayList.java:1511)
at org.testng.TestRunner.privateRun(TestRunner.java:794)
at org.testng.TestRunner.run(TestRunner.java:596)
at org.testng.SuiteRunner.runTest(SuiteRunner.java:377)
at org.testng.SuiteRunner.runSequentially(SuiteRunner.java:371)
at org.testng.SuiteRunner.privateRun(SuiteRunner.java:332)
at org.testng.SuiteRunner.run(SuiteRunner.java:276)
at org.testng.SuiteRunnerWorker.runSuite(SuiteRunnerWorker.java:53)
at org.testng.SuiteRunnerWorker.run(SuiteRunnerWorker.java:96)
at org.testng.TestNG.runSuitesSequentially(TestNG.java:1212)
at org.testng.TestNG.runSuitesLocally(TestNG.java:1134)
at org.testng.TestNG.runSuites(TestNG.java:1063)
at org.testng.TestNG.run(TestNG.java:1031)
at org.testng.remote.AbstractRemoteTestNG.run(AbstractRemoteTestNG.java:115)
at org.testng.remote.RemoteTestNG.initAndRun(RemoteTestNG.java:251)
at org.testng.remote.RemoteTestNG.main(RemoteTestNG.java:77)
]]>
    </error>
  </testcase> <!-- setUp -->
  <system-out/>
  <testcase classname="com.fintech.tests.KycVerificationTest" name="testInvalidAadhaarFormat" time="0.000">
    <skipped/>
  </testcase> <!-- testInvalidAadhaarFormat -->
  <system-out/>
  <testcase classname="com.fintech.tests.KycVerificationTest" name="testKycServiceFailure" time="0.000">
    <skipped/>
  </testcase> <!-- testKycServiceFailure -->
  <system-out/>
  <testcase classname="com.fintech.tests.KycVerificationTest" name="testPendingKycStatus" time="0.000">
    <skipped/>
  </testcase> <!-- testPendingKycStatus -->
  <system-out/>
  <testcase classname="com.fintech.tests.KycVerificationTest" name="testSuccessfulKycCheck" time="0.000">
    <skipped/>
  </testcase> <!-- testSuccessfulKycCheck -->
  <system-out/>
  <testcase classname="com.fintech.tests.KycVerificationTest" name="testInvalidUserScenario" time="0.000">
    <skipped/>
  </testcase> <!-- testInvalidUserScenario -->
  <system-out/>
</testsuite> <!-- com.fintech.tests.KycVerificationTest -->
