<?xml version="1.0" encoding="UTF-8"?>
<!-- Generated by org.testng.reporters.JUnitReportReporter -->
<testsuite hostname="DESKTOP-H2T0JTB" failures="0" tests="1" name="com.fintech.tests.WireMockTest2" time="1.702" errors="0" timestamp="2025-02-28T00:36:52 IST" skipped="0">
  <testcase classname="com.fintech.tests.WireMockTest2" name="testWireMockStub" time="1.702"/>
  <system-out/>
</testsuite> <!-- com.fintech.tests.WireMockTest2 -->
